# JRE version: OpenJDK Runtime Environment (11.0.5+10) (build 11.0.5+10)
# Java VM: OpenJDK 64-Bit Server VM (11.0.5+10, mixed mode, tiered, compressed oops, g1 gc, linux-amd64)
Heap:
 garbage-first heap   total 159744K, used 80521K [0x0000000085600000, 0x0000000100000000)
  region size 1024K, 59 young (60416K), 12 survivors (12288K)
 Metaspace       used 47851K, capacity 49354K, committed 49612K, reserved 1091584K
  class space    used 6218K, capacity 6891K, committed 6912K, reserved 1048576K
GC Heap History (12 events):
Event: 0.501 GC heap before
{Heap before GC invocations=0 (full 0):
 garbage-first heap   total 126976K, used 13312K [0x0000000085600000, 0x0000000100000000)
  region size 1024K, 14 young (14336K), 0 survivors (0K)
 Metaspace       used 11036K, capacity 11199K, committed 11520K, reserved 1058816K
  class space    used 1098K, capacity 1179K, committed 1280K, reserved 1048576K
}
Event: 0.506 GC heap after
{Heap after GC invocations=1 (full 0):
 garbage-first heap   total 126976K, used 4858K [0x0000000085600000, 0x0000000100000000)
  region size 1024K, 2 young (2048K), 2 survivors (2048K)
 Metaspace       used 11036K, capacity 11199K, committed 11520K, reserved 1058816K
  class space    used 1098K, capacity 1179K, committed 1280K, reserved 1048576K
}
Event: 0.682 GC heap before
{Heap before GC invocations=1 (full 0):
 garbage-first heap   total 126976K, used 9978K [0x0000000085600000, 0x0000000100000000)
  region size 1024K, 8 young (8192K), 2 survivors (2048K)
 Metaspace       used 11995K, capacity 12293K, committed 12672K, reserved 1060864K
  class space    used 1223K, capacity 1334K, committed 1408K, reserved 1048576K
}
Event: 0.704 GC heap after
{Heap after GC invocations=2 (full 0):
 garbage-first heap   total 126976K, used 5126K [0x0000000085600000, 0x0000000100000000)
  region size 1024K, 1 young (1024K), 1 survivors (1024K)
 Metaspace       used 11995K, capacity 12293K, committed 12672K, reserved 1060864K
  class space    used 1223K, capacity 1334K, committed 1408K, reserved 1048576K
}
Event: 1.220 GC heap before
{Heap before GC invocations=2 (full 0):
 garbage-first heap   total 126976K, used 29702K [0x0000000085600000, 0x0000000100000000)
  region size 1024K, 26 young (26624K), 1 survivors (1024K)
 Metaspace       used 17802K, capacity 18245K, committed 18560K, reserved 1064960K
  class space    used 1948K, capacity 2114K, committed 2176K, reserved 1048576K
}
Event: 1.224 GC heap after
{Heap after GC invocations=3 (full 0):
 garbage-first heap   total 126976K, used 6259K [0x0000000085600000, 0x0000000100000000)
  region size 1024K, 2 young (2048K), 2 survivors (2048K)
 Metaspace       used 17802K, capacity 18245K, committed 18560K, reserved 1064960K
  class space    used 1948K, capacity 2114K, committed 2176K, reserved 1048576K
}
Event: 1.935 GC heap before
{Heap before GC invocations=3 (full 0):
 garbage-first heap   total 126976K, used 53363K [0x0000000085600000, 0x0000000100000000)
  region size 1024K, 49 young (50176K), 2 survivors (2048K)
 Metaspace       used 20594K, capacity 21063K, committed 21248K, reserved 1069056K
  class space    used 2265K, capacity 2474K, committed 2560K, reserved 1048576K
}
Event: 1.948 GC heap after
{Heap after GC invocations=4 (full 0):
 garbage-first heap   total 126976K, used 8297K [0x0000000085600000, 0x0000000100000000)
  region size 1024K, 4 young (4096K), 4 survivors (4096K)
 Metaspace       used 20594K, capacity 21063K, committed 21248K, reserved 1069056K
  class space    used 2265K, capacity 2474K, committed 2560K, reserved 1048576K
}
Event: 2.986 GC heap before
{Heap before GC invocations=5 (full 0):
 garbage-first heap   total 126976K, used 68713K [0x0000000085600000, 0x0000000100000000)
  region size 1024K, 64 young (65536K), 4 survivors (4096K)
 Metaspace       used 28929K, capacity 29614K, committed 29824K, reserved 1075200K
  class space    used 3317K, capacity 3627K, committed 3712K, reserved 1048576K
}
Event: 3.004 GC heap after
{Heap after GC invocations=6 (full 0):
 garbage-first heap   total 159744K, used 16650K [0x0000000085600000, 0x0000000100000000)
  region size 1024K, 8 young (8192K), 8 survivors (8192K)
 Metaspace       used 28929K, capacity 29614K, committed 29824K, reserved 1075200K
  class space    used 3317K, capacity 3627K, committed 3712K, reserved 1048576K
}
Event: 4.115 GC heap before
{Heap before GC invocations=6 (full 0):
 garbage-first heap   total 159744K, used 69898K [0x0000000085600000, 0x0000000100000000)
  region size 1024K, 55 young (56320K), 8 survivors (8192K)
 Metaspace       used 34690K, capacity 35573K, committed 35840K, reserved 1081344K
  class space    used 4222K, capacity 4597K, committed 4608K, reserved 1048576K
}
Event: 4.144 GC heap after
{Heap after GC invocations=7 (full 0):
 garbage-first heap   total 159744K, used 30345K [0x0000000085600000, 0x0000000100000000)
  region size 1024K, 12 young (12288K), 12 survivors (12288K)
 Metaspace       used 34690K, capacity 35573K, committed 35840K, reserved 1081344K
  class space    used 4222K, capacity 4597K, committed 4608K, reserved 1048576K
}

