# JRE version: OpenJDK Runtime Environment (11.0.5+10) (build 11.0.5+10)
# Java VM: OpenJDK 64-Bit Server VM (11.0.5+10, mixed mode, tiered, compressed oops, g1 gc, linux-amd64)
Heap:
 garbage-first heap   total 158720K, used 80428K [0x0000000085600000, 0x0000000100000000)
  region size 1024K, 57 young (58368K), 10 survivors (10240K)
 Metaspace       used 47899K, capacity 49415K, committed 49612K, reserved 1091584K
  class space    used 6218K, capacity 6890K, committed 6912K, reserved 1048576K
GC Heap History (12 events):
Event: 0.607 GC heap before
{Heap before GC invocations=0 (full 0):
 garbage-first heap   total 126976K, used 14336K [0x0000000085600000, 0x0000000100000000)
  region size 1024K, 14 young (14336K), 0 survivors (0K)
 Metaspace       used 11040K, capacity 11223K, committed 11520K, reserved 1058816K
  class space    used 1102K, capacity 1188K, committed 1280K, reserved 1048576K
}
Event: 0.620 GC heap after
{Heap after GC invocations=1 (full 0):
 garbage-first heap   total 126976K, used 5016K [0x0000000085600000, 0x0000000100000000)
  region size 1024K, 2 young (2048K), 2 survivors (2048K)
 Metaspace       used 11040K, capacity 11223K, committed 11520K, reserved 1058816K
  class space    used 1102K, capacity 1188K, committed 1280K, reserved 1048576K
}
Event: 0.857 GC heap before
{Heap before GC invocations=1 (full 0):
 garbage-first heap   total 126976K, used 13208K [0x0000000085600000, 0x0000000100000000)
  region size 1024K, 11 young (11264K), 2 survivors (2048K)
 Metaspace       used 12913K, capacity 13132K, committed 13312K, reserved 1060864K
  class space    used 1343K, capacity 1446K, committed 1536K, reserved 1048576K
}
Event: 0.865 GC heap after
{Heap after GC invocations=2 (full 0):
 garbage-first heap   total 126976K, used 5475K [0x0000000085600000, 0x0000000100000000)
  region size 1024K, 1 young (1024K), 1 survivors (1024K)
 Metaspace       used 12913K, capacity 13132K, committed 13312K, reserved 1060864K
  class space    used 1343K, capacity 1446K, committed 1536K, reserved 1048576K
}
Event: 1.466 GC heap before
{Heap before GC invocations=2 (full 0):
 garbage-first heap   total 126976K, used 34147K [0x0000000085600000, 0x0000000100000000)
  region size 1024K, 30 young (30720K), 1 survivors (1024K)
 Metaspace       used 18695K, capacity 19121K, committed 19456K, reserved 1067008K
  class space    used 2063K, capacity 2236K, committed 2304K, reserved 1048576K
}
Event: 1.478 GC heap after
{Heap after GC invocations=3 (full 0):
 garbage-first heap   total 126976K, used 6687K [0x0000000085600000, 0x0000000100000000)
  region size 1024K, 2 young (2048K), 2 survivors (2048K)
 Metaspace       used 18695K, capacity 19121K, committed 19456K, reserved 1067008K
  class space    used 2063K, capacity 2236K, committed 2304K, reserved 1048576K
}
Event: 2.010 GC heap before
{Heap before GC invocations=3 (full 0):
 garbage-first heap   total 126976K, used 46623K [0x0000000085600000, 0x0000000100000000)
  region size 1024K, 42 young (43008K), 2 survivors (2048K)
 Metaspace       used 20640K, capacity 21027K, committed 21248K, reserved 1069056K
  class space    used 2262K, capacity 2441K, committed 2560K, reserved 1048576K
}
Event: 2.018 GC heap after
{Heap after GC invocations=4 (full 0):
 garbage-first heap   total 126976K, used 8414K [0x0000000085600000, 0x0000000100000000)
  region size 1024K, 4 young (4096K), 4 survivors (4096K)
 Metaspace       used 20640K, capacity 21027K, committed 21248K, reserved 1069056K
  class space    used 2262K, capacity 2441K, committed 2560K, reserved 1048576K
}
Event: 3.077 GC heap before
{Heap before GC invocations=5 (full 0):
 garbage-first heap   total 126976K, used 63710K [0x0000000085600000, 0x0000000100000000)
  region size 1024K, 58 young (59392K), 4 survivors (4096K)
 Metaspace       used 28995K, capacity 29675K, committed 30080K, reserved 1075200K
  class space    used 3317K, capacity 3626K, committed 3712K, reserved 1048576K
}
Event: 3.093 GC heap after
{Heap after GC invocations=6 (full 0):
 garbage-first heap   total 158720K, used 14617K [0x0000000085600000, 0x0000000100000000)
  region size 1024K, 8 young (8192K), 8 survivors (8192K)
 Metaspace       used 28995K, capacity 29675K, committed 30080K, reserved 1075200K
  class space    used 3317K, capacity 3626K, committed 3712K, reserved 1048576K
}
Event: 4.108 GC heap before
{Heap before GC invocations=6 (full 0):
 garbage-first heap   total 158720K, used 75033K [0x0000000085600000, 0x0000000100000000)
  region size 1024K, 62 young (63488K), 8 survivors (8192K)
 Metaspace       used 34730K, capacity 35635K, committed 35840K, reserved 1081344K
  class space    used 4221K, capacity 4596K, committed 4608K, reserved 1048576K
}
Event: 4.129 GC heap after
{Heap after GC invocations=7 (full 0):
 garbage-first heap   total 158720K, used 30252K [0x0000000085600000, 0x0000000100000000)
  region size 1024K, 10 young (10240K), 10 survivors (10240K)
 Metaspace       used 34730K, capacity 35635K, committed 35840K, reserved 1081344K
  class space    used 4221K, capacity 4596K, committed 4608K, reserved 1048576K
}

