# JRE version: OpenJDK Runtime Environment (11.0.5+10) (build 11.0.5+10)
# Java VM: OpenJDK 64-Bit Server VM (11.0.5+10, mixed mode, tiered, compressed oops, g1 gc, linux-amd64)
Heap:
 garbage-first heap   total 152576K, used 69537K [0x0000000085600000, 0x0000000100000000)
  region size 1024K, 49 young (50176K), 4 survivors (4096K)
 Metaspace       used 47783K, capacity 49278K, committed 49408K, reserved 1091584K
  class space    used 6214K, capacity 6889K, committed 6912K, reserved 1048576K
GC Heap History (12 events):
Event: 0.477 GC heap before
{Heap before GC invocations=0 (full 0):
 garbage-first heap   total 126976K, used 13312K [0x0000000085600000, 0x0000000100000000)
  region size 1024K, 14 young (14336K), 0 survivors (0K)
 Metaspace       used 11047K, capacity 11197K, committed 11520K, reserved 1058816K
  class space    used 1097K, capacity 1178K, committed 1280K, reserved 1048576K
}
Event: 0.482 GC heap after
{Heap after GC invocations=1 (full 0):
 garbage-first heap   total 126976K, used 4803K [0x0000000085600000, 0x0000000100000000)
  region size 1024K, 2 young (2048K), 2 survivors (2048K)
 Metaspace       used 11047K, capacity 11197K, committed 11520K, reserved 1058816K
  class space    used 1097K, capacity 1178K, committed 1280K, reserved 1048576K
}
Event: 0.639 GC heap before
{Heap before GC invocations=1 (full 0):
 garbage-first heap   total 126976K, used 11971K [0x0000000085600000, 0x0000000100000000)
  region size 1024K, 10 young (10240K), 2 survivors (2048K)
 Metaspace       used 12561K, capacity 12826K, committed 12928K, reserved 1060864K
  class space    used 1295K, capacity 1407K, committed 1408K, reserved 1048576K
}
Event: 0.646 GC heap after
{Heap after GC invocations=2 (full 0):
 garbage-first heap   total 126976K, used 5450K [0x0000000085600000, 0x0000000100000000)
  region size 1024K, 1 young (1024K), 1 survivors (1024K)
 Metaspace       used 12561K, capacity 12826K, committed 12928K, reserved 1060864K
  class space    used 1295K, capacity 1407K, committed 1408K, reserved 1048576K
}
Event: 1.045 GC heap before
{Heap before GC invocations=2 (full 0):
 garbage-first heap   total 126976K, used 33098K [0x0000000085600000, 0x0000000100000000)
  region size 1024K, 28 young (28672K), 1 survivors (1024K)
 Metaspace       used 17999K, capacity 18387K, committed 18560K, reserved 1064960K
  class space    used 1966K, capacity 2119K, committed 2176K, reserved 1048576K
}
Event: 1.049 GC heap after
{Heap after GC invocations=3 (full 0):
 garbage-first heap   total 126976K, used 6605K [0x0000000085600000, 0x0000000100000000)
  region size 1024K, 2 young (2048K), 2 survivors (2048K)
 Metaspace       used 17999K, capacity 18387K, committed 18560K, reserved 1064960K
  class space    used 1966K, capacity 2119K, committed 2176K, reserved 1048576K
}
Event: 1.483 GC heap before
{Heap before GC invocations=3 (full 0):
 garbage-first heap   total 126976K, used 50637K [0x0000000085600000, 0x0000000100000000)
  region size 1024K, 46 young (47104K), 2 survivors (2048K)
 Metaspace       used 20586K, capacity 21022K, committed 21248K, reserved 1069056K
  class space    used 2259K, capacity 2439K, committed 2560K, reserved 1048576K
}
Event: 1.491 GC heap after
{Heap after GC invocations=4 (full 0):
 garbage-first heap   total 126976K, used 8416K [0x0000000085600000, 0x0000000100000000)
  region size 1024K, 4 young (4096K), 4 survivors (4096K)
 Metaspace       used 20586K, capacity 21022K, committed 21248K, reserved 1069056K
  class space    used 2259K, capacity 2439K, committed 2560K, reserved 1048576K
}
Event: 2.354 GC heap before
{Heap before GC invocations=5 (full 0):
 garbage-first heap   total 126976K, used 65760K [0x0000000085600000, 0x0000000100000000)
  region size 1024K, 60 young (61440K), 4 survivors (4096K)
 Metaspace       used 28574K, capacity 29258K, committed 29440K, reserved 1075200K
  class space    used 3285K, capacity 3553K, committed 3584K, reserved 1048576K
}
Event: 2.381 GC heap after
{Heap after GC invocations=6 (full 0):
 garbage-first heap   total 152576K, used 14692K [0x0000000085600000, 0x0000000100000000)
  region size 1024K, 8 young (8192K), 8 survivors (8192K)
 Metaspace       used 28574K, capacity 29258K, committed 29440K, reserved 1075200K
  class space    used 3285K, capacity 3553K, committed 3584K, reserved 1048576K
}
Event: 3.437 GC heap before
{Heap before GC invocations=6 (full 0):
 garbage-first heap   total 152576K, used 76132K [0x0000000085600000, 0x0000000100000000)
  region size 1024K, 63 young (64512K), 8 survivors (8192K)
 Metaspace       used 34727K, capacity 35587K, committed 35840K, reserved 1081344K
  class space    used 4260K, capacity 4625K, committed 4736K, reserved 1048576K
}
Event: 3.447 GC heap after
{Heap after GC invocations=7 (full 0):
 garbage-first heap   total 152576K, used 21409K [0x0000000085600000, 0x0000000100000000)
  region size 1024K, 4 young (4096K), 4 survivors (4096K)
 Metaspace       used 34727K, capacity 35587K, committed 35840K, reserved 1081344K
  class space    used 4260K, capacity 4625K, committed 4736K, reserved 1048576K
}

